TN:
SF:src/index.ts
FN:11,(anonymous_1)
FNF:1
FNH:1
FNDA:1,(anonymous_1)
DA:1,2
DA:2,2
DA:3,2
DA:5,2
DA:7,2
DA:9,2
DA:11,2
DA:12,1
DA:15,2
DA:17,2
LF:10
LH:10
BRF:0
BRH:0
end_of_record
TN:
SF:src/controllers/songsController.ts
FN:6,(anonymous_1)
FN:26,(anonymous_2)
FNF:2
FNH:2
FNDA:3,(anonymous_1)
FNDA:4,(anonymous_2)
DA:2,2
DA:4,2
DA:6,2
DA:7,3
DA:9,3
DA:10,1
DA:11,1
DA:14,2
DA:15,2
DA:20,1
DA:22,1
DA:26,2
DA:27,4
DA:29,4
DA:30,2
DA:31,2
DA:34,2
DA:35,2
DA:40,1
DA:42,1
LF:20
LH:20
BRDA:9,0,0,1
BRDA:9,0,1,2
BRDA:9,1,0,3
BRDA:9,1,1,2
BRDA:29,2,0,2
BRDA:29,2,1,2
BRDA:29,3,0,4
BRDA:29,3,1,3
BRF:8
BRH:8
end_of_record
TN:
SF:src/routes/songs.ts
FNF:0
FNH:0
DA:1,2
DA:2,2
DA:4,2
DA:6,2
DA:7,2
DA:9,2
LF:6
LH:6
BRF:0
BRH:0
end_of_record
